07/08/2012 21:07:14 (Std) 	+-+-+-+-+-+-+-+-+-+-+-+-+-+-+-+-+-+-+-+-+-+-+-+-+-+-+-+-+-+-+-+-+-+-+-+-+-+-+-+
07/08/2012 21:07:14 (Std) 	+                     Crazy Eddie's GUI System - Event log                    +
07/08/2012 21:07:14 (Std) 	+                          (http://www.cegui.org.uk/)                         +
07/08/2012 21:07:14 (Std) 	+-+-+-+-+-+-+-+-+-+-+-+-+-+-+-+-+-+-+-+-+-+-+-+-+-+-+-+-+-+-+-+-+-+-+-+-+-+-+-+

07/08/2012 21:07:14 (Std) 	CEGUI::Logger singleton created. (0x2281660)
07/08/2012 21:07:14 (Std) 	
07/08/2012 21:07:14 (Std) 	********************************************************************************
07/08/2012 21:07:14 (Std) 	* Important:                                                                   *
07/08/2012 21:07:14 (Std) 	*     To get support at the CEGUI forums, you must post _at least_ the section *
07/08/2012 21:07:14 (Std) 	*     of this log file indicated below.  Failure to do this will result in no  *
07/08/2012 21:07:14 (Std) 	*     support being given; please do not waste our time.                       *
07/08/2012 21:07:14 (Std) 	********************************************************************************
07/08/2012 21:07:14 (Std) 	********************************************************************************
07/08/2012 21:07:14 (Std) 	* -------- START OF ESSENTIAL SECTION TO BE POSTED ON THE FORUM       -------- *
07/08/2012 21:07:14 (Std) 	********************************************************************************
07/08/2012 21:07:14 (Std) 	---- Version 0.7.7 (Build: Aug  5 2012 GNU/Linux g++ 4.7.1 64 bit) ----
07/08/2012 21:07:14 (Std) 	---- Renderer module is: CEGUI::OpenGLRenderer - Official OpenGL based 2nd generation renderer module.  TextureTarget support enabled via FBO extension. ----
07/08/2012 21:07:14 (Std) 	---- XML Parser module is: CEGUI::ExpatParser - Official expat based parser module for CEGUI ----
07/08/2012 21:07:14 (Std) 	---- Image Codec module is: TGAImageCodec - Official TGA image codec ----
07/08/2012 21:07:14 (Std) 	---- Scripting module is: None ----
07/08/2012 21:07:14 (Std) 	********************************************************************************
07/08/2012 21:07:14 (Std) 	* -------- END OF ESSENTIAL SECTION TO BE POSTED ON THE FORUM         -------- *
07/08/2012 21:07:14 (Std) 	********************************************************************************
07/08/2012 21:07:14 (Std) 	
07/08/2012 21:07:14 (Std) 	---- Begining CEGUI System initialisation ----
07/08/2012 21:07:14 (Std) 	CEGUI::ImagesetManager singleton created (0x22899d0)
07/08/2012 21:07:14 (Std) 	CEGUI::FontManager singleton created. (0x2289b00)
07/08/2012 21:07:14 (Std) 	CEGUI::WindowFactoryManager singleton created
07/08/2012 21:07:14 (Std) 	CEGUI::WindowManager singleton created (0x2289cd0)
07/08/2012 21:07:14 (Std) 	CEGUI::SchemeManager singleton created. (0x2289d70)
07/08/2012 21:07:14 (Std) 	CEGUI::MouseCursor singleton created. (0x2289ea0)
07/08/2012 21:07:14 (Std) 	CEGUI::GlobalEventSet singleton created. (0x2287660)
07/08/2012 21:07:14 (Std) 	CEGUI::AnimationManager singleton created (0x228a060)
07/08/2012 21:07:14 (Std) 	CEGUI::WidgetLookManager singleton created. (0x2287600)
07/08/2012 21:07:14 (Std) 	CEGUI::WindowRendererManager singleton created (0x2289900)
07/08/2012 21:07:14 (Std) 	CEGUI::RenderEffectManager singleton created (0x2289940)
07/08/2012 21:07:14 (Std) 	Created WindowFactory for 'DefaultWindow' windows.
07/08/2012 21:07:14 (Std) 	WindowFactory for 'DefaultWindow' windows added. (0x228b330)
07/08/2012 21:07:14 (Std) 	Created WindowFactory for 'DragContainer' windows.
07/08/2012 21:07:14 (Std) 	WindowFactory for 'DragContainer' windows added. (0x228b630)
07/08/2012 21:07:14 (Std) 	Created WindowFactory for 'ScrolledContainer' windows.
07/08/2012 21:07:14 (Std) 	WindowFactory for 'ScrolledContainer' windows added. (0x228b7d0)
07/08/2012 21:07:14 (Std) 	Created WindowFactory for 'ClippedContainer' windows.
07/08/2012 21:07:14 (Std) 	WindowFactory for 'ClippedContainer' windows added. (0x228b970)
07/08/2012 21:07:14 (Std) 	Created WindowFactory for 'CEGUI/Checkbox' windows.
07/08/2012 21:07:14 (Std) 	WindowFactory for 'CEGUI/Checkbox' windows added. (0x228bb10)
07/08/2012 21:07:14 (Std) 	Created WindowFactory for 'CEGUI/PushButton' windows.
07/08/2012 21:07:14 (Std) 	WindowFactory for 'CEGUI/PushButton' windows added. (0x228bcb0)
07/08/2012 21:07:14 (Std) 	Created WindowFactory for 'CEGUI/RadioButton' windows.
07/08/2012 21:07:14 (Std) 	WindowFactory for 'CEGUI/RadioButton' windows added. (0x228be50)
07/08/2012 21:07:14 (Std) 	Created WindowFactory for 'CEGUI/Combobox' windows.
07/08/2012 21:07:14 (Std) 	WindowFactory for 'CEGUI/Combobox' windows added. (0x228bff0)
07/08/2012 21:07:14 (Std) 	Created WindowFactory for 'CEGUI/ComboDropList' windows.
07/08/2012 21:07:14 (Std) 	WindowFactory for 'CEGUI/ComboDropList' windows added. (0x228c190)
07/08/2012 21:07:14 (Std) 	Created WindowFactory for 'CEGUI/Editbox' windows.
07/08/2012 21:07:14 (Std) 	WindowFactory for 'CEGUI/Editbox' windows added. (0x228c3c0)
07/08/2012 21:07:14 (Std) 	Created WindowFactory for 'CEGUI/FrameWindow' windows.
07/08/2012 21:07:14 (Std) 	WindowFactory for 'CEGUI/FrameWindow' windows added. (0x228c560)
07/08/2012 21:07:14 (Std) 	Created WindowFactory for 'CEGUI/ItemEntry' windows.
07/08/2012 21:07:14 (Std) 	WindowFactory for 'CEGUI/ItemEntry' windows added. (0x228c700)
07/08/2012 21:07:14 (Std) 	Created WindowFactory for 'CEGUI/Listbox' windows.
07/08/2012 21:07:14 (Std) 	WindowFactory for 'CEGUI/Listbox' windows added. (0x228c8a0)
07/08/2012 21:07:14 (Std) 	Created WindowFactory for 'CEGUI/ListHeader' windows.
07/08/2012 21:07:14 (Std) 	WindowFactory for 'CEGUI/ListHeader' windows added. (0x228ca40)
07/08/2012 21:07:14 (Std) 	Created WindowFactory for 'CEGUI/ListHeaderSegment' windows.
07/08/2012 21:07:14 (Std) 	WindowFactory for 'CEGUI/ListHeaderSegment' windows added. (0x228cbe0)
07/08/2012 21:07:14 (Std) 	Created WindowFactory for 'CEGUI/Menubar' windows.
07/08/2012 21:07:14 (Std) 	WindowFactory for 'CEGUI/Menubar' windows added. (0x228cd80)
07/08/2012 21:07:14 (Std) 	Created WindowFactory for 'CEGUI/PopupMenu' windows.
07/08/2012 21:07:14 (Std) 	WindowFactory for 'CEGUI/PopupMenu' windows added. (0x228cf20)
07/08/2012 21:07:14 (Std) 	Created WindowFactory for 'CEGUI/MenuItem' windows.
07/08/2012 21:07:14 (Std) 	WindowFactory for 'CEGUI/MenuItem' windows added. (0x228d1d0)
07/08/2012 21:07:14 (Std) 	Created WindowFactory for 'CEGUI/MultiColumnList' windows.
07/08/2012 21:07:14 (Std) 	WindowFactory for 'CEGUI/MultiColumnList' windows added. (0x228d370)
07/08/2012 21:07:14 (Std) 	Created WindowFactory for 'CEGUI/MultiLineEditbox' windows.
07/08/2012 21:07:14 (Std) 	WindowFactory for 'CEGUI/MultiLineEditbox' windows added. (0x228d510)
07/08/2012 21:07:14 (Std) 	Created WindowFactory for 'CEGUI/ProgressBar' windows.
07/08/2012 21:07:14 (Std) 	WindowFactory for 'CEGUI/ProgressBar' windows added. (0x228d6b0)
07/08/2012 21:07:14 (Std) 	Created WindowFactory for 'CEGUI/ScrollablePane' windows.
07/08/2012 21:07:14 (Std) 	WindowFactory for 'CEGUI/ScrollablePane' windows added. (0x228d850)
07/08/2012 21:07:14 (Std) 	Created WindowFactory for 'CEGUI/Scrollbar' windows.
07/08/2012 21:07:14 (Std) 	WindowFactory for 'CEGUI/Scrollbar' windows added. (0x228d9f0)
07/08/2012 21:07:14 (Std) 	Created WindowFactory for 'CEGUI/Slider' windows.
07/08/2012 21:07:14 (Std) 	WindowFactory for 'CEGUI/Slider' windows added. (0x228db90)
07/08/2012 21:07:14 (Std) 	Created WindowFactory for 'CEGUI/Spinner' windows.
07/08/2012 21:07:14 (Std) 	WindowFactory for 'CEGUI/Spinner' windows added. (0x228dd30)
07/08/2012 21:07:14 (Std) 	Created WindowFactory for 'CEGUI/TabButton' windows.
07/08/2012 21:07:14 (Std) 	WindowFactory for 'CEGUI/TabButton' windows added. (0x228ded0)
07/08/2012 21:07:14 (Std) 	Created WindowFactory for 'CEGUI/TabControl' windows.
07/08/2012 21:07:14 (Std) 	WindowFactory for 'CEGUI/TabControl' windows added. (0x228e070)
07/08/2012 21:07:14 (Std) 	Created WindowFactory for 'CEGUI/Thumb' windows.
07/08/2012 21:07:14 (Std) 	WindowFactory for 'CEGUI/Thumb' windows added. (0x228e210)
07/08/2012 21:07:14 (Std) 	Created WindowFactory for 'CEGUI/Titlebar' windows.
07/08/2012 21:07:14 (Std) 	WindowFactory for 'CEGUI/Titlebar' windows added. (0x228e3b0)
07/08/2012 21:07:14 (Std) 	Created WindowFactory for 'CEGUI/Tooltip' windows.
07/08/2012 21:07:14 (Std) 	WindowFactory for 'CEGUI/Tooltip' windows added. (0x228e550)
07/08/2012 21:07:14 (Std) 	Created WindowFactory for 'CEGUI/ItemListbox' windows.
07/08/2012 21:07:14 (Std) 	WindowFactory for 'CEGUI/ItemListbox' windows added. (0x228e6f0)
07/08/2012 21:07:14 (Std) 	Created WindowFactory for 'CEGUI/GroupBox' windows.
07/08/2012 21:07:14 (Std) 	WindowFactory for 'CEGUI/GroupBox' windows added. (0x228e890)
07/08/2012 21:07:14 (Std) 	Created WindowFactory for 'CEGUI/Tree' windows.
07/08/2012 21:07:14 (Std) 	WindowFactory for 'CEGUI/Tree' windows added. (0x228ea30)
07/08/2012 21:07:14 (Std) 	Created WindowFactory for 'HorizontalLayoutContainer' windows.
07/08/2012 21:07:14 (Std) 	WindowFactory for 'HorizontalLayoutContainer' windows added. (0x228d0c0)
07/08/2012 21:07:14 (Std) 	Created WindowFactory for 'VerticalLayoutContainer' windows.
07/08/2012 21:07:14 (Std) 	WindowFactory for 'VerticalLayoutContainer' windows added. (0x228eec0)
07/08/2012 21:07:14 (Std) 	Created WindowFactory for 'GridLayoutContainer' windows.
07/08/2012 21:07:14 (Std) 	WindowFactory for 'GridLayoutContainer' windows added. (0x228f060)
07/08/2012 21:07:14 (Std) 	Window type alias named 'DefaultGUISheet' added for window type 'DefaultWindow'.
07/08/2012 21:07:14 (Std) 	CEGUI::System singleton created. (0x2281250)
07/08/2012 21:07:14 (Std) 	---- CEGUI System initialisation completed ----
07/08/2012 21:07:14 (Std) 	
07/08/2012 21:07:14 (Std) 	Started creation of Scheme from XML specification:
07/08/2012 21:07:14 (Std) 	---- CEGUI GUIScheme name: TaharezLook
07/08/2012 21:07:14 (Std) 	Started creation of Imageset from XML specification:
07/08/2012 21:07:14 (Std) 	---- CEGUI Imageset name: TaharezLook
07/08/2012 21:07:14 (Std) 	---- Source texture file: TaharezLook.tga in resource group: (Default)
07/08/2012 21:07:14 (Std) 	Started creation of Font from XML specification:
07/08/2012 21:07:14 (Std) 	---- CEGUI font name: DejaVuSans-10
07/08/2012 21:07:14 (Std) 	----       Font type: FreeType
07/08/2012 21:07:14 (Std) 	----     Source file: DejaVuSans.ttf in resource group: (Default)
07/08/2012 21:07:14 (Std) 	---- Real point size: 10
07/08/2012 21:07:14 (Std) 	===== Falagard 'root' element: look and feel parsing begins =====
07/08/2012 21:07:14 (Std) 	===== Look and feel parsing completed =====
07/08/2012 21:07:14 (Std) 	No window renderer factories specified for module 'CEGUIFalagardWRBase' - adding all available factories...
07/08/2012 21:07:14 (Std) 	Created WindowRendererFactory for 'Falagard/Button' WindowRenderers.
07/08/2012 21:07:14 (Std) 	WindowRendererFactory 'Falagard/Button' added. (0x2516bb0)
07/08/2012 21:07:14 (Std) 	Created WindowRendererFactory for 'Falagard/Default' WindowRenderers.
07/08/2012 21:07:14 (Std) 	WindowRendererFactory 'Falagard/Default' added. (0x266f130)
07/08/2012 21:07:14 (Std) 	Created WindowRendererFactory for 'Falagard/Editbox' WindowRenderers.
07/08/2012 21:07:14 (Std) 	WindowRendererFactory 'Falagard/Editbox' added. (0x265b3c0)
07/08/2012 21:07:14 (Std) 	Created WindowRendererFactory for 'Falagard/FrameWindow' WindowRenderers.
07/08/2012 21:07:14 (Std) 	WindowRendererFactory 'Falagard/FrameWindow' added. (0x23fed10)
07/08/2012 21:07:14 (Std) 	Created WindowRendererFactory for 'Falagard/ItemEntry' WindowRenderers.
07/08/2012 21:07:14 (Std) 	WindowRendererFactory 'Falagard/ItemEntry' added. (0x2602190)
07/08/2012 21:07:14 (Std) 	Created WindowRendererFactory for 'Falagard/ListHeader' WindowRenderers.
07/08/2012 21:07:14 (Std) 	WindowRendererFactory 'Falagard/ListHeader' added. (0x2516680)
07/08/2012 21:07:14 (Std) 	Created WindowRendererFactory for 'Falagard/ListHeaderSegment' WindowRenderers.
07/08/2012 21:07:14 (Std) 	WindowRendererFactory 'Falagard/ListHeaderSegment' added. (0x2516820)
07/08/2012 21:07:14 (Std) 	Created WindowRendererFactory for 'Falagard/Listbox' WindowRenderers.
07/08/2012 21:07:14 (Std) 	WindowRendererFactory 'Falagard/Listbox' added. (0x25169c0)
07/08/2012 21:07:14 (Std) 	Created WindowRendererFactory for 'Falagard/Menubar' WindowRenderers.
07/08/2012 21:07:14 (Std) 	WindowRendererFactory 'Falagard/Menubar' added. (0x23feeb0)
07/08/2012 21:07:14 (Std) 	Created WindowRendererFactory for 'Falagard/MenuItem' WindowRenderers.
07/08/2012 21:07:14 (Std) 	WindowRendererFactory 'Falagard/MenuItem' added. (0x23ff050)
07/08/2012 21:07:14 (Std) 	Created WindowRendererFactory for 'Falagard/MultiColumnList' WindowRenderers.
07/08/2012 21:07:14 (Std) 	WindowRendererFactory 'Falagard/MultiColumnList' added. (0x23ff1f0)
07/08/2012 21:07:14 (Std) 	Created WindowRendererFactory for 'Falagard/MultiLineEditbox' WindowRenderers.
07/08/2012 21:07:14 (Std) 	WindowRendererFactory 'Falagard/MultiLineEditbox' added. (0x23ff390)
07/08/2012 21:07:14 (Std) 	Created WindowRendererFactory for 'Falagard/PopupMenu' WindowRenderers.
07/08/2012 21:07:14 (Std) 	WindowRendererFactory 'Falagard/PopupMenu' added. (0x23ff530)
07/08/2012 21:07:14 (Std) 	Created WindowRendererFactory for 'Falagard/ProgressBar' WindowRenderers.
07/08/2012 21:07:14 (Std) 	WindowRendererFactory 'Falagard/ProgressBar' added. (0x23ff6d0)
07/08/2012 21:07:14 (Std) 	Created WindowRendererFactory for 'Falagard/ScrollablePane' WindowRenderers.
07/08/2012 21:07:14 (Std) 	WindowRendererFactory 'Falagard/ScrollablePane' added. (0x23ff870)
07/08/2012 21:07:14 (Std) 	Created WindowRendererFactory for 'Falagard/Scrollbar' WindowRenderers.
07/08/2012 21:07:14 (Std) 	WindowRendererFactory 'Falagard/Scrollbar' added. (0x23ffa10)
07/08/2012 21:07:14 (Std) 	Created WindowRendererFactory for 'Falagard/Slider' WindowRenderers.
07/08/2012 21:07:14 (Std) 	WindowRendererFactory 'Falagard/Slider' added. (0x23ffbb0)
07/08/2012 21:07:14 (Std) 	Created WindowRendererFactory for 'Falagard/Static' WindowRenderers.
07/08/2012 21:07:14 (Std) 	WindowRendererFactory 'Falagard/Static' added. (0x23ffe60)
07/08/2012 21:07:14 (Std) 	Created WindowRendererFactory for 'Falagard/StaticImage' WindowRenderers.
07/08/2012 21:07:14 (Std) 	WindowRendererFactory 'Falagard/StaticImage' added. (0x2400000)
07/08/2012 21:07:14 (Std) 	Created WindowRendererFactory for 'Falagard/StaticText' WindowRenderers.
07/08/2012 21:07:14 (Std) 	WindowRendererFactory 'Falagard/StaticText' added. (0x24001a0)
07/08/2012 21:07:14 (Std) 	Created WindowRendererFactory for 'Falagard/SystemButton' WindowRenderers.
07/08/2012 21:07:14 (Std) 	WindowRendererFactory 'Falagard/SystemButton' added. (0x268f8a0)
07/08/2012 21:07:14 (Std) 	Created WindowRendererFactory for 'Falagard/TabButton' WindowRenderers.
07/08/2012 21:07:14 (Std) 	WindowRendererFactory 'Falagard/TabButton' added. (0x268fa40)
07/08/2012 21:07:14 (Std) 	Created WindowRendererFactory for 'Falagard/TabControl' WindowRenderers.
07/08/2012 21:07:14 (Std) 	WindowRendererFactory 'Falagard/TabControl' added. (0x268fbe0)
07/08/2012 21:07:14 (Std) 	Created WindowRendererFactory for 'Falagard/Titlebar' WindowRenderers.
07/08/2012 21:07:14 (Std) 	WindowRendererFactory 'Falagard/Titlebar' added. (0x268fd80)
07/08/2012 21:07:14 (Std) 	Created WindowRendererFactory for 'Falagard/ToggleButton' WindowRenderers.
07/08/2012 21:07:14 (Std) 	WindowRendererFactory 'Falagard/ToggleButton' added. (0x268ff20)
07/08/2012 21:07:14 (Std) 	Created WindowRendererFactory for 'Falagard/Tooltip' WindowRenderers.
07/08/2012 21:07:14 (Std) 	WindowRendererFactory 'Falagard/Tooltip' added. (0x26900c0)
07/08/2012 21:07:14 (Std) 	Created WindowRendererFactory for 'Falagard/ItemListbox' WindowRenderers.
07/08/2012 21:07:14 (Std) 	WindowRendererFactory 'Falagard/ItemListbox' added. (0x2690260)
07/08/2012 21:07:14 (Std) 	Created WindowRendererFactory for 'Falagard/Tree' WindowRenderers.
07/08/2012 21:07:14 (Std) 	WindowRendererFactory 'Falagard/Tree' added. (0x2690400)
07/08/2012 21:07:14 (Std) 	Creating falagard mapping for type 'TaharezLook/Button' using base type 'CEGUI/PushButton', window renderer 'Falagard/Button' Look'N'Feel 'TaharezLook/Button' and RenderEffect ''. (0x7fffd0050090)
07/08/2012 21:07:14 (Std) 	Creating falagard mapping for type 'TaharezLook/Checkbox' using base type 'CEGUI/Checkbox', window renderer 'Falagard/ToggleButton' Look'N'Feel 'TaharezLook/Checkbox' and RenderEffect ''. (0x7fffd0050090)
07/08/2012 21:07:14 (Std) 	Creating falagard mapping for type 'TaharezLook/ImageButton' using base type 'CEGUI/PushButton', window renderer 'Falagard/Button' Look'N'Feel 'TaharezLook/ImageButton' and RenderEffect ''. (0x7fffd0050090)
07/08/2012 21:07:14 (Std) 	Creating falagard mapping for type 'TaharezLook/RadioButton' using base type 'CEGUI/RadioButton', window renderer 'Falagard/ToggleButton' Look'N'Feel 'TaharezLook/RadioButton' and RenderEffect ''. (0x7fffd0050090)
07/08/2012 21:07:14 (Std) 	Creating falagard mapping for type 'TaharezLook/FrameWindow' using base type 'CEGUI/FrameWindow', window renderer 'Falagard/FrameWindow' Look'N'Feel 'TaharezLook/FrameWindow' and RenderEffect ''. (0x7fffd0050090)
07/08/2012 21:07:14 (Std) 	Creating falagard mapping for type 'TaharezLook/Titlebar' using base type 'CEGUI/Titlebar', window renderer 'Falagard/Titlebar' Look'N'Feel 'TaharezLook/Titlebar' and RenderEffect ''. (0x7fffd0050090)
07/08/2012 21:07:14 (Std) 	Creating falagard mapping for type 'TaharezLook/SystemButton' using base type 'CEGUI/PushButton', window renderer 'Falagard/Button' Look'N'Feel 'TaharezLook/Button' and RenderEffect ''. (0x7fffd0050090)
07/08/2012 21:07:14 (Std) 	Creating falagard mapping for type 'TaharezLook/Editbox' using base type 'CEGUI/Editbox', window renderer 'Falagard/Editbox' Look'N'Feel 'TaharezLook/Editbox' and RenderEffect ''. (0x7fffd0050090)
07/08/2012 21:07:14 (Std) 	Creating falagard mapping for type 'TaharezLook/MultiLineEditbox' using base type 'CEGUI/MultiLineEditbox', window renderer 'Falagard/MultiLineEditbox' Look'N'Feel 'TaharezLook/MultiLineEditbox' and RenderEffect ''. (0x7fffd0050090)
07/08/2012 21:07:14 (Std) 	Creating falagard mapping for type 'TaharezLook/Menubar' using base type 'CEGUI/Menubar', window renderer 'Falagard/Menubar' Look'N'Feel 'TaharezLook/Menubar' and RenderEffect ''. (0x7fffd0050090)
07/08/2012 21:07:14 (Std) 	Creating falagard mapping for type 'TaharezLook/PopupMenu' using base type 'CEGUI/PopupMenu', window renderer 'Falagard/PopupMenu' Look'N'Feel 'TaharezLook/PopupMenu' and RenderEffect ''. (0x7fffd0050090)
07/08/2012 21:07:14 (Std) 	Creating falagard mapping for type 'TaharezLook/MenuItem' using base type 'CEGUI/MenuItem', window renderer 'Falagard/MenuItem' Look'N'Feel 'TaharezLook/MenuItem' and RenderEffect ''. (0x7fffd0050090)
07/08/2012 21:07:14 (Std) 	Creating falagard mapping for type 'TaharezLook/AlternateProgressBar' using base type 'CEGUI/ProgressBar', window renderer 'Falagard/ProgressBar' Look'N'Feel 'TaharezLook/AltProgressBar' and RenderEffect ''. (0x7fffd0050090)
07/08/2012 21:07:14 (Std) 	Creating falagard mapping for type 'TaharezLook/ProgressBar' using base type 'CEGUI/ProgressBar', window renderer 'Falagard/ProgressBar' Look'N'Feel 'TaharezLook/ProgressBar' and RenderEffect ''. (0x7fffd0050090)
07/08/2012 21:07:14 (Std) 	Creating falagard mapping for type 'TaharezLook/VUMeter' using base type 'CEGUI/ProgressBar', window renderer 'Falagard/ProgressBar' Look'N'Feel 'TaharezLook/VUMeter' and RenderEffect ''. (0x7fffd0050090)
07/08/2012 21:07:14 (Std) 	Creating falagard mapping for type 'TaharezLook/VerticalScrollbar' using base type 'CEGUI/Scrollbar', window renderer 'Falagard/Scrollbar' Look'N'Feel 'TaharezLook/VerticalScrollbar' and RenderEffect ''. (0x7fffd0050090)
07/08/2012 21:07:14 (Std) 	Creating falagard mapping for type 'TaharezLook/HorizontalScrollbar' using base type 'CEGUI/Scrollbar', window renderer 'Falagard/Scrollbar' Look'N'Feel 'TaharezLook/HorizontalScrollbar' and RenderEffect ''. (0x7fffd0050090)
07/08/2012 21:07:14 (Std) 	Creating falagard mapping for type 'TaharezLook/VerticalScrollbarThumb' using base type 'CEGUI/Thumb', window renderer 'Falagard/Button' Look'N'Feel 'TaharezLook/VerticalScrollbarThumb' and RenderEffect ''. (0x7fffd0050090)
07/08/2012 21:07:14 (Std) 	Creating falagard mapping for type 'TaharezLook/HorizontalScrollbarThumb' using base type 'CEGUI/Thumb', window renderer 'Falagard/Button' Look'N'Feel 'TaharezLook/HorizontalScrollbarThumb' and RenderEffect ''. (0x7fffd0050090)
07/08/2012 21:07:14 (Std) 	Creating falagard mapping for type 'TaharezLook/LargeVerticalScrollbar' using base type 'CEGUI/Scrollbar', window renderer 'Falagard/Scrollbar' Look'N'Feel 'TaharezLook/LargeVerticalScrollbar' and RenderEffect ''. (0x7fffd0050090)
07/08/2012 21:07:14 (Std) 	Creating falagard mapping for type 'TaharezLook/LargeVerticalScrollbarThumb' using base type 'CEGUI/Thumb', window renderer 'Falagard/Button' Look'N'Feel 'TaharezLook/LargeVerticalScrollbarThumb' and RenderEffect ''. (0x7fffd0050090)
07/08/2012 21:07:14 (Std) 	Creating falagard mapping for type 'TaharezLook/TabButton' using base type 'CEGUI/TabButton', window renderer 'Falagard/TabButton' Look'N'Feel 'TaharezLook/TabButton' and RenderEffect ''. (0x7fffd0050090)
07/08/2012 21:07:14 (Std) 	Creating falagard mapping for type 'TaharezLook/TabControl' using base type 'CEGUI/TabControl', window renderer 'Falagard/TabControl' Look'N'Feel 'TaharezLook/TabControl' and RenderEffect ''. (0x7fffd0050090)
07/08/2012 21:07:14 (Std) 	Creating falagard mapping for type 'TaharezLook/TabContentPane' using base type 'DefaultWindow', window renderer 'Falagard/Default' Look'N'Feel 'TaharezLook/TabContentPane' and RenderEffect ''. (0x7fffd0050090)
07/08/2012 21:07:14 (Std) 	Creating falagard mapping for type 'TaharezLook/TabButtonPane' using base type 'DefaultWindow', window renderer 'Falagard/Default' Look'N'Feel 'TaharezLook/TabButtonPane' and RenderEffect ''. (0x7fffd0050090)
07/08/2012 21:07:14 (Std) 	Creating falagard mapping for type 'TaharezLook/ComboDropList' using base type 'CEGUI/ComboDropList', window renderer 'Falagard/Listbox' Look'N'Feel 'TaharezLook/ComboDropList' and RenderEffect ''. (0x7fffd0050090)
07/08/2012 21:07:14 (Std) 	Creating falagard mapping for type 'TaharezLook/ComboEditbox' using base type 'CEGUI/Editbox', window renderer 'Falagard/Editbox' Look'N'Feel 'TaharezLook/ComboEditbox' and RenderEffect ''. (0x7fffd0050090)
07/08/2012 21:07:14 (Std) 	Creating falagard mapping for type 'TaharezLook/Combobox' using base type 'CEGUI/Combobox', window renderer 'Falagard/Default' Look'N'Feel 'TaharezLook/Combobox' and RenderEffect ''. (0x7fffd0050090)
07/08/2012 21:07:14 (Std) 	Creating falagard mapping for type 'TaharezLook/Listbox' using base type 'CEGUI/Listbox', window renderer 'Falagard/Listbox' Look'N'Feel 'TaharezLook/Listbox' and RenderEffect ''. (0x7fffd0050090)
07/08/2012 21:07:14 (Std) 	Creating falagard mapping for type 'TaharezLook/ListHeader' using base type 'CEGUI/ListHeader', window renderer 'Falagard/ListHeader' Look'N'Feel 'TaharezLook/ListHeader' and RenderEffect ''. (0x7fffd0050090)
07/08/2012 21:07:14 (Std) 	Creating falagard mapping for type 'TaharezLook/ListHeaderSegment' using base type 'CEGUI/ListHeaderSegment', window renderer 'Falagard/ListHeaderSegment' Look'N'Feel 'TaharezLook/ListHeaderSegment' and RenderEffect ''. (0x7fffd0050090)
07/08/2012 21:07:14 (Std) 	Creating falagard mapping for type 'TaharezLook/MultiColumnList' using base type 'CEGUI/MultiColumnList', window renderer 'Falagard/MultiColumnList' Look'N'Feel 'TaharezLook/MultiColumnList' and RenderEffect ''. (0x7fffd0050090)
07/08/2012 21:07:14 (Std) 	Creating falagard mapping for type 'TaharezLook/Slider' using base type 'CEGUI/Slider', window renderer 'Falagard/Slider' Look'N'Feel 'TaharezLook/Slider' and RenderEffect ''. (0x7fffd0050090)
07/08/2012 21:07:14 (Std) 	Creating falagard mapping for type 'TaharezLook/SliderThumb' using base type 'CEGUI/Thumb', window renderer 'Falagard/Button' Look'N'Feel 'TaharezLook/SliderThumb' and RenderEffect ''. (0x7fffd0050090)
07/08/2012 21:07:14 (Std) 	Creating falagard mapping for type 'TaharezLook/ScrollablePane' using base type 'CEGUI/ScrollablePane', window renderer 'Falagard/ScrollablePane' Look'N'Feel 'TaharezLook/ScrollablePane' and RenderEffect ''. (0x7fffd0050090)
07/08/2012 21:07:14 (Std) 	Creating falagard mapping for type 'TaharezLook/Spinner' using base type 'CEGUI/Spinner', window renderer 'Falagard/Default' Look'N'Feel 'TaharezLook/Spinner' and RenderEffect ''. (0x7fffd0050090)
07/08/2012 21:07:14 (Std) 	Creating falagard mapping for type 'TaharezLook/Tooltip' using base type 'CEGUI/Tooltip', window renderer 'Falagard/Tooltip' Look'N'Feel 'TaharezLook/Tooltip' and RenderEffect ''. (0x7fffd0050090)
07/08/2012 21:07:14 (Std) 	Creating falagard mapping for type 'TaharezLook/StaticImage' using base type 'DefaultWindow', window renderer 'Falagard/StaticImage' Look'N'Feel 'TaharezLook/StaticImage' and RenderEffect ''. (0x7fffd0050090)
07/08/2012 21:07:14 (Std) 	Creating falagard mapping for type 'TaharezLook/StaticText' using base type 'DefaultWindow', window renderer 'Falagard/StaticText' Look'N'Feel 'TaharezLook/StaticText' and RenderEffect ''. (0x7fffd0050090)
07/08/2012 21:07:14 (Std) 	Creating falagard mapping for type 'TaharezLook/ItemListbox' using base type 'CEGUI/ItemListbox', window renderer 'Falagard/ItemListbox' Look'N'Feel 'TaharezLook/ItemListbox' and RenderEffect ''. (0x7fffd0050090)
07/08/2012 21:07:14 (Std) 	Creating falagard mapping for type 'TaharezLook/ListboxItem' using base type 'CEGUI/ItemEntry', window renderer 'Falagard/ItemEntry' Look'N'Feel 'TaharezLook/ListboxItem' and RenderEffect ''. (0x7fffd0050090)
07/08/2012 21:07:14 (Std) 	Creating falagard mapping for type 'TaharezLook/GroupBox' using base type 'CEGUI/GroupBox', window renderer 'Falagard/Default' Look'N'Feel 'TaharezLook/GroupBox' and RenderEffect ''. (0x7fffd0050090)
07/08/2012 21:07:14 (Std) 	Creating falagard mapping for type 'TaharezLook/Tree' using base type 'CEGUI/Tree', window renderer 'Falagard/Tree' Look'N'Feel 'TaharezLook/Tree' and RenderEffect ''. (0x7fffd0050090)
07/08/2012 21:07:14 (Std) 	---- Successfully completed loading of GUI layout from 'MyConsole.layout' ----
07/08/2012 21:07:14 (Std) 	Attempting to create Imageset 'DejaVuSans-10_auto_glyph_images_ ' with texture only.
07/08/2012 21:07:14 (Std) 	---- Begining CEGUI System destruction ----
07/08/2012 21:07:14 (Std) 	WindowFactory for 'CEGUI/Tree' windows removed. (0x228ea30)
07/08/2012 21:07:14 (Std) 	Deleted WindowFactory for 'CEGUI/Tree' windows.
07/08/2012 21:07:14 (Std) 	WindowFactory for 'CEGUI/Thumb' windows removed. (0x228e210)
07/08/2012 21:07:14 (Std) 	Deleted WindowFactory for 'CEGUI/Thumb' windows.
07/08/2012 21:07:14 (Std) 	WindowFactory for 'CEGUI/Slider' windows removed. (0x228db90)
07/08/2012 21:07:14 (Std) 	Deleted WindowFactory for 'CEGUI/Slider' windows.
07/08/2012 21:07:14 (Std) 	WindowFactory for 'CEGUI/Editbox' windows removed. (0x228c3c0)
07/08/2012 21:07:14 (Std) 	Deleted WindowFactory for 'CEGUI/Editbox' windows.
07/08/2012 21:07:14 (Std) 	WindowFactory for 'CEGUI/Listbox' windows removed. (0x228c8a0)
07/08/2012 21:07:14 (Std) 	Deleted WindowFactory for 'CEGUI/Listbox' windows.
07/08/2012 21:07:14 (Std) 	WindowFactory for 'CEGUI/Menubar' windows removed. (0x228cd80)
07/08/2012 21:07:14 (Std) 	Deleted WindowFactory for 'CEGUI/Menubar' windows.
07/08/2012 21:07:14 (Std) 	WindowFactory for 'CEGUI/Spinner' windows removed. (0x228dd30)
07/08/2012 21:07:14 (Std) 	Deleted WindowFactory for 'CEGUI/Spinner' windows.
07/08/2012 21:07:14 (Std) 	WindowFactory for 'CEGUI/Tooltip' windows removed. (0x228e550)
07/08/2012 21:07:14 (Std) 	Deleted WindowFactory for 'CEGUI/Tooltip' windows.
07/08/2012 21:07:14 (Std) 	WindowFactory for 'DefaultWindow' windows removed. (0x228b330)
07/08/2012 21:07:14 (Std) 	Deleted WindowFactory for 'DefaultWindow' windows.
07/08/2012 21:07:14 (Std) 	WindowFactory for 'DragContainer' windows removed. (0x228b630)
07/08/2012 21:07:14 (Std) 	Deleted WindowFactory for 'DragContainer' windows.
07/08/2012 21:07:14 (Std) 	WindowFactory for 'CEGUI/Checkbox' windows removed. (0x228bb10)
07/08/2012 21:07:14 (Std) 	Deleted WindowFactory for 'CEGUI/Checkbox' windows.
07/08/2012 21:07:14 (Std) 	WindowFactory for 'CEGUI/Combobox' windows removed. (0x228bff0)
07/08/2012 21:07:14 (Std) 	Deleted WindowFactory for 'CEGUI/Combobox' windows.
07/08/2012 21:07:14 (Std) 	WindowFactory for 'CEGUI/GroupBox' windows removed. (0x228e890)
07/08/2012 21:07:14 (Std) 	Deleted WindowFactory for 'CEGUI/GroupBox' windows.
07/08/2012 21:07:14 (Std) 	WindowFactory for 'CEGUI/MenuItem' windows removed. (0x228d1d0)
07/08/2012 21:07:14 (Std) 	Deleted WindowFactory for 'CEGUI/MenuItem' windows.
07/08/2012 21:07:14 (Std) 	WindowFactory for 'CEGUI/Titlebar' windows removed. (0x228e3b0)
07/08/2012 21:07:14 (Std) 	Deleted WindowFactory for 'CEGUI/Titlebar' windows.
07/08/2012 21:07:14 (Std) 	WindowFactory for 'CEGUI/ItemEntry' windows removed. (0x228c700)
07/08/2012 21:07:14 (Std) 	Deleted WindowFactory for 'CEGUI/ItemEntry' windows.
07/08/2012 21:07:14 (Std) 	WindowFactory for 'CEGUI/PopupMenu' windows removed. (0x228cf20)
07/08/2012 21:07:14 (Std) 	Deleted WindowFactory for 'CEGUI/PopupMenu' windows.
07/08/2012 21:07:14 (Std) 	WindowFactory for 'CEGUI/Scrollbar' windows removed. (0x228d9f0)
07/08/2012 21:07:14 (Std) 	Deleted WindowFactory for 'CEGUI/Scrollbar' windows.
07/08/2012 21:07:14 (Std) 	WindowFactory for 'CEGUI/TabButton' windows removed. (0x228ded0)
07/08/2012 21:07:14 (Std) 	Deleted WindowFactory for 'CEGUI/TabButton' windows.
07/08/2012 21:07:14 (Std) 	WindowFactory for 'CEGUI/ListHeader' windows removed. (0x228ca40)
07/08/2012 21:07:14 (Std) 	Deleted WindowFactory for 'CEGUI/ListHeader' windows.
07/08/2012 21:07:14 (Std) 	WindowFactory for 'CEGUI/PushButton' windows removed. (0x228bcb0)
07/08/2012 21:07:14 (Std) 	Deleted WindowFactory for 'CEGUI/PushButton' windows.
07/08/2012 21:07:14 (Std) 	WindowFactory for 'CEGUI/TabControl' windows removed. (0x228e070)
07/08/2012 21:07:14 (Std) 	Deleted WindowFactory for 'CEGUI/TabControl' windows.
07/08/2012 21:07:14 (Std) 	WindowFactory for 'ClippedContainer' windows removed. (0x228b970)
07/08/2012 21:07:14 (Std) 	Deleted WindowFactory for 'ClippedContainer' windows.
07/08/2012 21:07:14 (Std) 	WindowFactory for 'CEGUI/FrameWindow' windows removed. (0x228c560)
07/08/2012 21:07:14 (Std) 	Deleted WindowFactory for 'CEGUI/FrameWindow' windows.
07/08/2012 21:07:14 (Std) 	WindowFactory for 'CEGUI/ItemListbox' windows removed. (0x228e6f0)
07/08/2012 21:07:14 (Std) 	Deleted WindowFactory for 'CEGUI/ItemListbox' windows.
07/08/2012 21:07:14 (Std) 	WindowFactory for 'CEGUI/ProgressBar' windows removed. (0x228d6b0)
07/08/2012 21:07:14 (Std) 	Deleted WindowFactory for 'CEGUI/ProgressBar' windows.
07/08/2012 21:07:14 (Std) 	WindowFactory for 'CEGUI/RadioButton' windows removed. (0x228be50)
07/08/2012 21:07:14 (Std) 	Deleted WindowFactory for 'CEGUI/RadioButton' windows.
07/08/2012 21:07:14 (Std) 	WindowFactory for 'ScrolledContainer' windows removed. (0x228b7d0)
07/08/2012 21:07:14 (Std) 	Deleted WindowFactory for 'ScrolledContainer' windows.
07/08/2012 21:07:14 (Std) 	WindowFactory for 'CEGUI/ComboDropList' windows removed. (0x228c190)
07/08/2012 21:07:14 (Std) 	Deleted WindowFactory for 'CEGUI/ComboDropList' windows.
07/08/2012 21:07:14 (Std) 	WindowFactory for 'GridLayoutContainer' windows removed. (0x228f060)
07/08/2012 21:07:14 (Std) 	Deleted WindowFactory for 'GridLayoutContainer' windows.
07/08/2012 21:07:14 (Std) 	WindowFactory for 'CEGUI/ScrollablePane' windows removed. (0x228d850)
07/08/2012 21:07:14 (Std) 	Deleted WindowFactory for 'CEGUI/ScrollablePane' windows.
07/08/2012 21:07:14 (Std) 	WindowFactory for 'CEGUI/MultiColumnList' windows removed. (0x228d370)
07/08/2012 21:07:14 (Std) 	Deleted WindowFactory for 'CEGUI/MultiColumnList' windows.
07/08/2012 21:07:14 (Std) 	WindowFactory for 'CEGUI/MultiLineEditbox' windows removed. (0x228d510)
07/08/2012 21:07:14 (Std) 	Deleted WindowFactory for 'CEGUI/MultiLineEditbox' windows.
07/08/2012 21:07:14 (Std) 	WindowFactory for 'CEGUI/ListHeaderSegment' windows removed. (0x228cbe0)
07/08/2012 21:07:14 (Std) 	Deleted WindowFactory for 'CEGUI/ListHeaderSegment' windows.
07/08/2012 21:07:14 (Std) 	WindowFactory for 'VerticalLayoutContainer' windows removed. (0x228eec0)
07/08/2012 21:07:14 (Std) 	Deleted WindowFactory for 'VerticalLayoutContainer' windows.
07/08/2012 21:07:14 (Std) 	WindowFactory for 'HorizontalLayoutContainer' windows removed. (0x228d0c0)
07/08/2012 21:07:14 (Std) 	Deleted WindowFactory for 'HorizontalLayoutContainer' windows.
07/08/2012 21:07:14 (Std) 	---- Begining cleanup of GUI Scheme system ----
07/08/2012 21:07:14 (Std) 	WindowRendererFactory for 'Falagard/Button' WindowRenderers removed. (0x2516bb0)
07/08/2012 21:07:14 (Std) 	Deleted WindowRendererFactory for 'Falagard/Button' WindowRenderers.
07/08/2012 21:07:14 (Std) 	WindowRendererFactory for 'Falagard/Default' WindowRenderers removed. (0x266f130)
07/08/2012 21:07:14 (Std) 	Deleted WindowRendererFactory for 'Falagard/Default' WindowRenderers.
07/08/2012 21:07:14 (Std) 	WindowRendererFactory for 'Falagard/Editbox' WindowRenderers removed. (0x265b3c0)
07/08/2012 21:07:14 (Std) 	Deleted WindowRendererFactory for 'Falagard/Editbox' WindowRenderers.
07/08/2012 21:07:14 (Std) 	WindowRendererFactory for 'Falagard/FrameWindow' WindowRenderers removed. (0x23fed10)
07/08/2012 21:07:14 (Std) 	Deleted WindowRendererFactory for 'Falagard/FrameWindow' WindowRenderers.
07/08/2012 21:07:14 (Std) 	WindowRendererFactory for 'Falagard/ItemEntry' WindowRenderers removed. (0x2602190)
07/08/2012 21:07:14 (Std) 	Deleted WindowRendererFactory for 'Falagard/ItemEntry' WindowRenderers.
07/08/2012 21:07:14 (Std) 	WindowRendererFactory for 'Falagard/ListHeader' WindowRenderers removed. (0x2516680)
07/08/2012 21:07:14 (Std) 	Deleted WindowRendererFactory for 'Falagard/ListHeader' WindowRenderers.
07/08/2012 21:07:14 (Std) 	WindowRendererFactory for 'Falagard/ListHeaderSegment' WindowRenderers removed. (0x2516820)
07/08/2012 21:07:14 (Std) 	Deleted WindowRendererFactory for 'Falagard/ListHeaderSegment' WindowRenderers.
07/08/2012 21:07:14 (Std) 	WindowRendererFactory for 'Falagard/Listbox' WindowRenderers removed. (0x25169c0)
07/08/2012 21:07:14 (Std) 	Deleted WindowRendererFactory for 'Falagard/Listbox' WindowRenderers.
07/08/2012 21:07:14 (Std) 	WindowRendererFactory for 'Falagard/Menubar' WindowRenderers removed. (0x23feeb0)
07/08/2012 21:07:14 (Std) 	Deleted WindowRendererFactory for 'Falagard/Menubar' WindowRenderers.
07/08/2012 21:07:14 (Std) 	WindowRendererFactory for 'Falagard/MenuItem' WindowRenderers removed. (0x23ff050)
07/08/2012 21:07:14 (Std) 	Deleted WindowRendererFactory for 'Falagard/MenuItem' WindowRenderers.
07/08/2012 21:07:14 (Std) 	WindowRendererFactory for 'Falagard/MultiColumnList' WindowRenderers removed. (0x23ff1f0)
07/08/2012 21:07:14 (Std) 	Deleted WindowRendererFactory for 'Falagard/MultiColumnList' WindowRenderers.
07/08/2012 21:07:14 (Std) 	WindowRendererFactory for 'Falagard/MultiLineEditbox' WindowRenderers removed. (0x23ff390)
07/08/2012 21:07:14 (Std) 	Deleted WindowRendererFactory for 'Falagard/MultiLineEditbox' WindowRenderers.
07/08/2012 21:07:14 (Std) 	WindowRendererFactory for 'Falagard/PopupMenu' WindowRenderers removed. (0x23ff530)
07/08/2012 21:07:14 (Std) 	Deleted WindowRendererFactory for 'Falagard/PopupMenu' WindowRenderers.
07/08/2012 21:07:14 (Std) 	WindowRendererFactory for 'Falagard/ProgressBar' WindowRenderers removed. (0x23ff6d0)
07/08/2012 21:07:14 (Std) 	Deleted WindowRendererFactory for 'Falagard/ProgressBar' WindowRenderers.
07/08/2012 21:07:14 (Std) 	WindowRendererFactory for 'Falagard/ScrollablePane' WindowRenderers removed. (0x23ff870)
07/08/2012 21:07:14 (Std) 	Deleted WindowRendererFactory for 'Falagard/ScrollablePane' WindowRenderers.
07/08/2012 21:07:14 (Std) 	WindowRendererFactory for 'Falagard/Scrollbar' WindowRenderers removed. (0x23ffa10)
07/08/2012 21:07:14 (Std) 	Deleted WindowRendererFactory for 'Falagard/Scrollbar' WindowRenderers.
07/08/2012 21:07:14 (Std) 	WindowRendererFactory for 'Falagard/Slider' WindowRenderers removed. (0x23ffbb0)
07/08/2012 21:07:14 (Std) 	Deleted WindowRendererFactory for 'Falagard/Slider' WindowRenderers.
07/08/2012 21:07:14 (Std) 	WindowRendererFactory for 'Falagard/Static' WindowRenderers removed. (0x23ffe60)
07/08/2012 21:07:14 (Std) 	Deleted WindowRendererFactory for 'Falagard/Static' WindowRenderers.
07/08/2012 21:07:14 (Std) 	WindowRendererFactory for 'Falagard/StaticImage' WindowRenderers removed. (0x2400000)
07/08/2012 21:07:14 (Std) 	Deleted WindowRendererFactory for 'Falagard/StaticImage' WindowRenderers.
07/08/2012 21:07:14 (Std) 	WindowRendererFactory for 'Falagard/StaticText' WindowRenderers removed. (0x24001a0)
07/08/2012 21:07:14 (Std) 	Deleted WindowRendererFactory for 'Falagard/StaticText' WindowRenderers.
07/08/2012 21:07:14 (Std) 	WindowRendererFactory for 'Falagard/SystemButton' WindowRenderers removed. (0x268f8a0)
07/08/2012 21:07:14 (Std) 	Deleted WindowRendererFactory for 'Falagard/SystemButton' WindowRenderers.
07/08/2012 21:07:14 (Std) 	WindowRendererFactory for 'Falagard/TabButton' WindowRenderers removed. (0x268fa40)
07/08/2012 21:07:14 (Std) 	Deleted WindowRendererFactory for 'Falagard/TabButton' WindowRenderers.
07/08/2012 21:07:14 (Std) 	WindowRendererFactory for 'Falagard/TabControl' WindowRenderers removed. (0x268fbe0)
07/08/2012 21:07:14 (Std) 	Deleted WindowRendererFactory for 'Falagard/TabControl' WindowRenderers.
07/08/2012 21:07:14 (Std) 	WindowRendererFactory for 'Falagard/Titlebar' WindowRenderers removed. (0x268fd80)
07/08/2012 21:07:14 (Std) 	Deleted WindowRendererFactory for 'Falagard/Titlebar' WindowRenderers.
07/08/2012 21:07:14 (Std) 	WindowRendererFactory for 'Falagard/ToggleButton' WindowRenderers removed. (0x268ff20)
07/08/2012 21:07:14 (Std) 	Deleted WindowRendererFactory for 'Falagard/ToggleButton' WindowRenderers.
07/08/2012 21:07:14 (Std) 	WindowRendererFactory for 'Falagard/Tooltip' WindowRenderers removed. (0x26900c0)
07/08/2012 21:07:14 (Std) 	Deleted WindowRendererFactory for 'Falagard/Tooltip' WindowRenderers.
07/08/2012 21:07:14 (Std) 	WindowRendererFactory for 'Falagard/ItemListbox' WindowRenderers removed. (0x2690260)
07/08/2012 21:07:14 (Std) 	Deleted WindowRendererFactory for 'Falagard/ItemListbox' WindowRenderers.
07/08/2012 21:07:14 (Std) 	WindowRendererFactory for 'Falagard/Tree' WindowRenderers removed. (0x2690400)
07/08/2012 21:07:14 (Std) 	Deleted WindowRendererFactory for 'Falagard/Tree' WindowRenderers.
07/08/2012 21:07:14 (Std) 	CEGUI::SchemeManager singleton destroyed. (0x2289d70)
07/08/2012 21:07:14 (Std) 	CEGUI::WindowManager singleton destroyed (0x2289cd0)
07/08/2012 21:07:14 (Std) 	CEGUI::WindowFactoryManager singleton destroyed
07/08/2012 21:07:14 (Std) 	CEGUI::WidgetLookManager singleton destroyed. (0x2287600)
07/08/2012 21:07:14 (Std) 	CEGUI::WindowRendererManager singleton destroyed (0x2289900)
07/08/2012 21:07:14 (Std) 	CEGUI::AnimationManager singleton destroyed (0x228a060)
07/08/2012 21:07:14 (Std) 	CEGUI::RenderEffectManager singleton destroyed (0x2289940)
07/08/2012 21:07:14 (Std) 	---- Begining cleanup of Font system ----
07/08/2012 21:07:14 (Std) 	CEGUI::FontManager singleton destroyed. (0x2289b00)
07/08/2012 21:07:14 (Std) 	CEGUI::MouseCursor singleton destroyed. (0x2289ea0)
07/08/2012 21:07:14 (Std) 	---- Begining cleanup of Imageset system ----
07/08/2012 21:07:14 (Std) 	CEGUI::ImagesetManager singleton destroyed (0x22899d0)
07/08/2012 21:07:14 (Std) 	CEGUI::GlobalEventSet singleton destroyed. (0x2287660)
07/08/2012 21:07:14 (Std) 	CEGUI::System singleton destroyed. (0x2281250)
07/08/2012 21:07:14 (Std) 	---- CEGUI System destruction completed ----
07/08/2012 21:07:14 (Std) 	CEGUI::Logger singleton destroyed. (0x2281660)
