This file contains any messages produced by compilers while
running configure, to aid debugging if configure makes a mistake.

It was created by guichan configure 0.7.1, which was
generated by GNU Autoconf 2.61.  Invocation command line was

  $ ./configure 

## --------- ##
## Platform. ##
## --------- ##

hostname = debian
uname -m = i686
uname -r = 2.6.23
uname -s = Linux
uname -v = #1 PREEMPT Fri Oct 12 11:56:38 MYT 2007

/usr/bin/uname -p = unknown
/bin/uname -X     = unknown

/bin/arch              = unknown
/usr/bin/arch -k       = unknown
/usr/convex/getsysinfo = unknown
/usr/bin/hostinfo      = unknown
/bin/machine           = unknown
/usr/bin/oslevel       = unknown
/bin/universe          = unknown

PATH: /usr/local/bin
PATH: /usr/bin
PATH: /bin
PATH: /usr/bin/X11
PATH: /usr/games


## ----------- ##
## Core tests. ##
## ----------- ##

configure:1998: checking build system type
configure:2016: result: i686-pc-linux-gnu
configure:2038: checking host system type
configure:2053: result: i686-pc-linux-gnu
configure:2075: checking target system type
configure:2090: result: i686-pc-linux-gnu
configure:2165: checking for a BSD-compatible install
configure:2221: result: /usr/bin/install -c
configure:2232: checking whether build environment is sane
configure:2275: result: yes
configure:2303: checking for a thread-safe mkdir -p
configure:2342: result: /bin/mkdir -p
configure:2355: checking for gawk
configure:2371: found /usr/bin/gawk
configure:2382: result: gawk
configure:2393: checking whether make sets $(MAKE)
configure:2414: result: yes
configure:2664: checking for g++
configure:2680: found /usr/bin/g++
configure:2691: result: g++
configure:2722: checking for C++ compiler version
configure:2729: g++ --version >&5
g++ (GCC) 4.2.3 20071014 (prerelease) (Debian 4.2.2-3)
Copyright (C) 2007 Free Software Foundation, Inc.
This is free software; see the source for copying conditions.  There is NO
warranty; not even for MERCHANTABILITY or FITNESS FOR A PARTICULAR PURPOSE.

configure:2732: $? = 0
configure:2739: g++ -v >&5
Using built-in specs.
Target: i486-linux-gnu
Configured with: ../src/configure -v --enable-languages=c,c++,fortran,objc,obj-c++,treelang --prefix=/usr --enable-shared --with-system-zlib --libexecdir=/usr/lib --without-included-gettext --enable-threads=posix --enable-nls --with-gxx-include-dir=/usr/include/c++/4.2 --program-suffix=-4.2 --enable-clocale=gnu --enable-libstdcxx-debug --enable-mpfr --enable-targets=all --enable-checking=release --build=i486-linux-gnu --host=i486-linux-gnu --target=i486-linux-gnu
Thread model: posix
gcc version 4.2.3 20071014 (prerelease) (Debian 4.2.2-3)
configure:2742: $? = 0
configure:2749: g++ -V >&5
g++: '-V' option must have argument
configure:2752: $? = 1
configure:2775: checking for C++ compiler default output file name
configure:2802: g++    conftest.cpp  >&5
configure:2805: $? = 0
configure:2843: result: a.out
configure:2860: checking whether the C++ compiler works
configure:2870: ./a.out
configure:2873: $? = 0
configure:2890: result: yes
configure:2897: checking whether we are cross compiling
configure:2899: result: no
configure:2902: checking for suffix of executables
configure:2909: g++ -o conftest    conftest.cpp  >&5
configure:2912: $? = 0
configure:2936: result: 
configure:2942: checking for suffix of object files
configure:2968: g++ -c   conftest.cpp >&5
configure:2971: $? = 0
configure:2994: result: o
configure:2998: checking whether we are using the GNU C++ compiler
configure:3027: g++ -c   conftest.cpp >&5
configure:3033: $? = 0
configure:3050: result: yes
configure:3055: checking whether g++ accepts -g
configure:3085: g++ -c -g  conftest.cpp >&5
configure:3091: $? = 0
configure:3190: result: yes
configure:3224: checking for style of include used by make
configure:3252: result: GNU
configure:3277: checking dependency style of g++
configure:3368: result: gcc3
configure:3431: checking for gcc
configure:3447: found /usr/bin/gcc
configure:3458: result: gcc
configure:3696: checking for C compiler version
configure:3703: gcc --version >&5
gcc (GCC) 4.2.3 20071014 (prerelease) (Debian 4.2.2-3)
Copyright (C) 2007 Free Software Foundation, Inc.
This is free software; see the source for copying conditions.  There is NO
warranty; not even for MERCHANTABILITY or FITNESS FOR A PARTICULAR PURPOSE.

configure:3706: $? = 0
configure:3713: gcc -v >&5
Using built-in specs.
Target: i486-linux-gnu
Configured with: ../src/configure -v --enable-languages=c,c++,fortran,objc,obj-c++,treelang --prefix=/usr --enable-shared --with-system-zlib --libexecdir=/usr/lib --without-included-gettext --enable-threads=posix --enable-nls --with-gxx-include-dir=/usr/include/c++/4.2 --program-suffix=-4.2 --enable-clocale=gnu --enable-libstdcxx-debug --enable-mpfr --enable-targets=all --enable-checking=release --build=i486-linux-gnu --host=i486-linux-gnu --target=i486-linux-gnu
Thread model: posix
gcc version 4.2.3 20071014 (prerelease) (Debian 4.2.2-3)
configure:3716: $? = 0
configure:3723: gcc -V >&5
gcc: '-V' option must have argument
configure:3726: $? = 1
configure:3729: checking whether we are using the GNU C compiler
configure:3758: gcc -c   conftest.c >&5
configure:3764: $? = 0
configure:3781: result: yes
configure:3786: checking whether gcc accepts -g
configure:3816: gcc -c -g  conftest.c >&5
configure:3822: $? = 0
configure:3921: result: yes
configure:3938: checking for gcc option to accept ISO C89
configure:4012: gcc  -c -g -O2  conftest.c >&5
configure:4018: $? = 0
configure:4041: result: none needed
configure:4061: checking dependency style of gcc
configure:4152: result: gcc3
configure:4242: checking for a sed that does not truncate output
configure:4296: result: /bin/sed
configure:4299: checking for grep that handles long lines and -e
configure:4373: result: /bin/grep
configure:4378: checking for egrep
configure:4456: result: /bin/grep -E
configure:4472: checking for ld used by gcc
configure:4539: result: /usr/bin/ld
configure:4548: checking if the linker (/usr/bin/ld) is GNU ld
configure:4563: result: yes
configure:4568: checking for /usr/bin/ld option to reload object files
configure:4575: result: -r
configure:4593: checking for BSD-compatible nm
configure:4635: result: /usr/bin/nm -B
configure:4639: checking whether ln -s works
configure:4643: result: yes
configure:4650: checking how to recognise dependent libraries
configure:4822: result: pass_all
configure:4954: gcc -c -g -O2  conftest.c >&5
configure:4957: $? = 0
configure:5341: checking how to run the C preprocessor
configure:5381: gcc -E  conftest.c
configure:5387: $? = 0
configure:5418: gcc -E  conftest.c
conftest.c:10:28: error: ac_nonexistent.h: No such file or directory
configure:5424: $? = 1
configure: failed program was:
| /* confdefs.h.  */
| #define PACKAGE_NAME "guichan"
| #define PACKAGE_TARNAME "guichan"
| #define PACKAGE_VERSION "0.7.1"
| #define PACKAGE_STRING "guichan 0.7.1"
| #define PACKAGE_BUGREPORT "olof.naessen@gmail.com"
| #define PACKAGE "guichan"
| #define VERSION "0.7.1"
| /* end confdefs.h.  */
| #include <ac_nonexistent.h>
configure:5457: result: gcc -E
configure:5486: gcc -E  conftest.c
configure:5492: $? = 0
configure:5523: gcc -E  conftest.c
conftest.c:10:28: error: ac_nonexistent.h: No such file or directory
configure:5529: $? = 1
configure: failed program was:
| /* confdefs.h.  */
| #define PACKAGE_NAME "guichan"
| #define PACKAGE_TARNAME "guichan"
| #define PACKAGE_VERSION "0.7.1"
| #define PACKAGE_STRING "guichan 0.7.1"
| #define PACKAGE_BUGREPORT "olof.naessen@gmail.com"
| #define PACKAGE "guichan"
| #define VERSION "0.7.1"
| /* end confdefs.h.  */
| #include <ac_nonexistent.h>
configure:5567: checking for ANSI C header files
configure:5597: gcc -c -g -O2  conftest.c >&5
configure:5603: $? = 0
configure:5702: gcc -o conftest -g -O2   conftest.c  >&5
configure:5705: $? = 0
configure:5711: ./conftest
configure:5714: $? = 0
configure:5731: result: yes
configure:5755: checking for sys/types.h
configure:5776: gcc -c -g -O2  conftest.c >&5
configure:5782: $? = 0
configure:5798: result: yes
configure:5755: checking for sys/stat.h
configure:5776: gcc -c -g -O2  conftest.c >&5
configure:5782: $? = 0
configure:5798: result: yes
configure:5755: checking for stdlib.h
configure:5776: gcc -c -g -O2  conftest.c >&5
configure:5782: $? = 0
configure:5798: result: yes
configure:5755: checking for string.h
configure:5776: gcc -c -g -O2  conftest.c >&5
configure:5782: $? = 0
configure:5798: result: yes
configure:5755: checking for memory.h
configure:5776: gcc -c -g -O2  conftest.c >&5
configure:5782: $? = 0
configure:5798: result: yes
configure:5755: checking for strings.h
configure:5776: gcc -c -g -O2  conftest.c >&5
configure:5782: $? = 0
configure:5798: result: yes
configure:5755: checking for inttypes.h
configure:5776: gcc -c -g -O2  conftest.c >&5
configure:5782: $? = 0
configure:5798: result: yes
configure:5755: checking for stdint.h
configure:5776: gcc -c -g -O2  conftest.c >&5
configure:5782: $? = 0
configure:5798: result: yes
configure:5755: checking for unistd.h
configure:5776: gcc -c -g -O2  conftest.c >&5
configure:5782: $? = 0
configure:5798: result: yes
configure:5825: checking dlfcn.h usability
configure:5842: gcc -c -g -O2  conftest.c >&5
configure:5848: $? = 0
configure:5862: result: yes
configure:5866: checking dlfcn.h presence
configure:5881: gcc -E  conftest.c
configure:5887: $? = 0
configure:5901: result: yes
configure:5934: checking for dlfcn.h
configure:5942: result: yes
configure:5965: checking how to run the C++ preprocessor
configure:6001: g++ -E  conftest.cpp
configure:6007: $? = 0
configure:6038: g++ -E  conftest.cpp
conftest.cpp:21:28: error: ac_nonexistent.h: No such file or directory
configure:6044: $? = 1
configure: failed program was:
| /* confdefs.h.  */
| #define PACKAGE_NAME "guichan"
| #define PACKAGE_TARNAME "guichan"
| #define PACKAGE_VERSION "0.7.1"
| #define PACKAGE_STRING "guichan 0.7.1"
| #define PACKAGE_BUGREPORT "olof.naessen@gmail.com"
| #define PACKAGE "guichan"
| #define VERSION "0.7.1"
| #define STDC_HEADERS 1
| #define HAVE_SYS_TYPES_H 1
| #define HAVE_SYS_STAT_H 1
| #define HAVE_STDLIB_H 1
| #define HAVE_STRING_H 1
| #define HAVE_MEMORY_H 1
| #define HAVE_STRINGS_H 1
| #define HAVE_INTTYPES_H 1
| #define HAVE_STDINT_H 1
| #define HAVE_UNISTD_H 1
| #define HAVE_DLFCN_H 1
| /* end confdefs.h.  */
| #include <ac_nonexistent.h>
configure:6077: result: g++ -E
configure:6106: g++ -E  conftest.cpp
configure:6112: $? = 0
configure:6143: g++ -E  conftest.cpp
conftest.cpp:21:28: error: ac_nonexistent.h: No such file or directory
configure:6149: $? = 1
configure: failed program was:
| /* confdefs.h.  */
| #define PACKAGE_NAME "guichan"
| #define PACKAGE_TARNAME "guichan"
| #define PACKAGE_VERSION "0.7.1"
| #define PACKAGE_STRING "guichan 0.7.1"
| #define PACKAGE_BUGREPORT "olof.naessen@gmail.com"
| #define PACKAGE "guichan"
| #define VERSION "0.7.1"
| #define STDC_HEADERS 1
| #define HAVE_SYS_TYPES_H 1
| #define HAVE_SYS_STAT_H 1
| #define HAVE_STDLIB_H 1
| #define HAVE_STRING_H 1
| #define HAVE_MEMORY_H 1
| #define HAVE_STRINGS_H 1
| #define HAVE_INTTYPES_H 1
| #define HAVE_STDINT_H 1
| #define HAVE_UNISTD_H 1
| #define HAVE_DLFCN_H 1
| /* end confdefs.h.  */
| #include <ac_nonexistent.h>
configure:6242: checking for g77
configure:6272: result: no
configure:6242: checking for xlf
configure:6272: result: no
configure:6242: checking for f77
configure:6272: result: no
configure:6242: checking for frt
configure:6272: result: no
configure:6242: checking for pgf77
configure:6272: result: no
configure:6242: checking for cf77
configure:6272: result: no
configure:6242: checking for fort77
configure:6272: result: no
configure:6242: checking for fl32
configure:6272: result: no
configure:6242: checking for af77
configure:6272: result: no
configure:6242: checking for xlf90
configure:6272: result: no
configure:6242: checking for f90
configure:6272: result: no
configure:6242: checking for pgf90
configure:6272: result: no
configure:6242: checking for pghpf
configure:6272: result: no
configure:6242: checking for epcf90
configure:6272: result: no
configure:6242: checking for gfortran
configure:6272: result: no
configure:6242: checking for g95
configure:6272: result: no
configure:6242: checking for xlf95
configure:6272: result: no
configure:6242: checking for f95
configure:6272: result: no
configure:6242: checking for fort
configure:6272: result: no
configure:6242: checking for ifort
configure:6272: result: no
configure:6242: checking for ifc
configure:6272: result: no
configure:6242: checking for efc
configure:6272: result: no
configure:6242: checking for pgf95
configure:6272: result: no
configure:6242: checking for lf95
configure:6272: result: no
configure:6242: checking for ftn
configure:6272: result: no
configure:6299: checking for Fortran 77 compiler version
configure:6306:  --version >&5
./configure: line 6307: --version: command not found
configure:6309: $? = 127
configure:6316:  -v >&5
./configure: line 6317: -v: command not found
configure:6319: $? = 127
configure:6326:  -V >&5
./configure: line 6327: -V: command not found
configure:6329: $? = 127
configure:6337: checking whether we are using the GNU Fortran 77 compiler
configure:6356:  -c  conftest.F >&5
./configure: line 6357: -c: command not found
configure:6362: $? = 127
configure: failed program was:
|       program main
| #ifndef __GNUC__
|        choke me
| #endif
| 
|       end
configure:6379: result: no
configure:6385: checking whether  accepts -g
configure:6402:  -c -g conftest.f >&5
./configure: line 6403: -c: command not found
configure:6408: $? = 127
configure: failed program was:
|       program main
| 
|       end
configure:6424: result: no
configure:6454: checking the maximum length of command line arguments
configure:6533: result: 32768
configure:6544: checking command to parse /usr/bin/nm -B output from gcc object
configure:6640: gcc -c -g -O2  conftest.c >&5
configure:6643: $? = 0
configure:6647: /usr/bin/nm -B conftest.o \| sed -n -e 's/^.*[ 	]\([ABCDGIRSTW][ABCDGIRSTW]*\)[ 	][ 	]*\(\)\([_A-Za-z][_A-Za-z0-9]*\)$/\1 \2\3 \3/p' \> conftest.nm
configure:6650: $? = 0
configure:6702: gcc -o conftest -g -O2   conftest.c conftstm.o >&5
configure:6705: $? = 0
configure:6743: result: ok
configure:6747: checking for objdir
configure:6762: result: .libs
configure:6854: checking for ar
configure:6870: found /usr/bin/ar
configure:6881: result: ar
configure:6950: checking for ranlib
configure:6966: found /usr/bin/ranlib
configure:6977: result: ranlib
configure:7046: checking for strip
configure:7062: found /usr/bin/strip
configure:7073: result: strip
configure:7300: checking for correct ltmain.sh version
configure:7330: result: yes
configure:7392: checking if gcc static flag  works
configure:7415: result: yes
configure:7433: checking if gcc supports -fno-rtti -fno-exceptions
configure:7451: gcc -c -g -O2  -fno-rtti -fno-exceptions conftest.c >&5
cc1: warning: command line option "-fno-rtti" is valid for C++/ObjC++ but not for C
configure:7455: $? = 0
configure:7466: result: no
configure:7481: checking for gcc option to produce PIC
configure:7668: result: -fPIC
configure:7676: checking if gcc PIC flag -fPIC works
configure:7694: gcc -c -g -O2  -fPIC -DPIC conftest.c >&5
configure:7698: $? = 0
configure:7709: result: yes
configure:7733: checking if gcc supports -c -o file.o
configure:7754: gcc -c -g -O2  -o out/conftest2.o conftest.c >&5
configure:7758: $? = 0
configure:7778: result: yes
configure:7804: checking whether the gcc linker (/usr/bin/ld) supports shared libraries
configure:8649: result: yes
configure:8675: checking whether -lc should be explicitly linked in
configure:8680: gcc -c -g -O2  conftest.c >&5
configure:8683: $? = 0
configure:8697: gcc -shared conftest.o  -v -Wl,-soname -Wl,conftest -o conftest 2\>\&1 \| grep  -lc  \>/dev/null 2\>\&1
configure:8700: $? = 0
configure:8712: result: no
configure:8720: checking dynamic linker characteristics
configure:9315: result: GNU/Linux ld.so
configure:9319: checking how to hardcode library paths into programs
configure:9344: result: immediate
configure:9358: checking whether stripping libraries is possible
configure:9363: result: yes
configure:10160: checking if libtool supports shared libraries
configure:10162: result: yes
configure:10165: checking whether to build shared libraries
configure:10186: result: yes
configure:10189: checking whether to build static libraries
configure:10193: result: yes
configure:10285: creating libtool
configure:10834: checking for ld used by g++
configure:10901: result: /usr/bin/ld
configure:10910: checking if the linker (/usr/bin/ld) is GNU ld
configure:10925: result: yes
configure:10976: checking whether the g++ linker (/usr/bin/ld) supports shared libraries
configure:11839: result: yes
configure:11857: g++ -c -g -O2  conftest.cc >&5
configure:11860: $? = 0
configure:11956: checking for g++ option to produce PIC
configure:12218: result: -fPIC
configure:12226: checking if g++ PIC flag -fPIC works
configure:12244: g++ -c -g -O2  -fPIC -DPIC conftest.cc >&5
configure:12248: $? = 0
configure:12259: result: yes
configure:12283: checking if g++ supports -c -o file.o
configure:12304: g++ -c -g -O2  -o out/conftest2.o conftest.cc >&5
configure:12308: $? = 0
configure:12328: result: yes
configure:12354: checking whether the g++ linker (/usr/bin/ld) supports shared libraries
configure:12379: result: yes
configure:12450: checking dynamic linker characteristics
configure:13045: result: GNU/Linux ld.so
configure:13049: checking how to hardcode library paths into programs
configure:13074: result: immediate
configure:13088: checking whether stripping libraries is possible
configure:13093: result: yes
configure:20384: checking whether make sets $(MAKE)
configure:20405: result: yes
configure:20433: checking for a BSD-compatible install
configure:20489: result: /usr/bin/install -c
configure:20501: checking for ANSI C header files
configure:20665: result: yes
configure:20789: checking GL/gl.h usability
configure:20806: g++ -c -g -O2 -Wall -Wno-unused -DGUICHAN_BUILD  conftest.cpp >&5
configure:20812: $? = 0
configure:20826: result: yes
configure:20830: checking GL/gl.h presence
configure:20845: g++ -E  conftest.cpp
configure:20851: $? = 0
configure:20865: result: yes
configure:20898: checking for GL/gl.h
configure:20906: result: yes
configure:20919: checking for glBegin in -lGL
configure:20954: g++ -o conftest -g -O2 -Wall -Wno-unused -DGUICHAN_BUILD   conftest.cpp -lGL   >&5
configure:20960: $? = 0
configure:20978: result: yes
configure:21023: checking SDL/SDL_image.h usability
configure:21040: g++ -c -g -O2 -Wall -Wno-unused -DGUICHAN_BUILD  conftest.cpp >&5
configure:21046: $? = 0
configure:21060: result: yes
configure:21064: checking SDL/SDL_image.h presence
configure:21079: g++ -E  conftest.cpp
configure:21085: $? = 0
configure:21099: result: yes
configure:21132: checking for SDL/SDL_image.h
configure:21140: result: yes
configure:21153: checking for IMG_Load in -lSDL_image
configure:21188: g++ -o conftest -g -O2 -Wall -Wno-unused -DGUICHAN_BUILD   conftest.cpp -lSDL_image   >&5
configure:21194: $? = 0
configure:21212: result: yes
configure:21256: checking allegro.h usability
configure:21273: g++ -c -g -O2 -Wall -Wno-unused -DGUICHAN_BUILD  -I/usr/include/SDL -D_GNU_SOURCE=1 -D_REENTRANT conftest.cpp >&5
conftest.cpp:57:21: error: allegro.h: No such file or directory
configure:21279: $? = 1
configure: failed program was:
| /* confdefs.h.  */
| #define PACKAGE_NAME "guichan"
| #define PACKAGE_TARNAME "guichan"
| #define PACKAGE_VERSION "0.7.1"
| #define PACKAGE_STRING "guichan 0.7.1"
| #define PACKAGE_BUGREPORT "olof.naessen@gmail.com"
| #define PACKAGE "guichan"
| #define VERSION "0.7.1"
| #define STDC_HEADERS 1
| #define HAVE_SYS_TYPES_H 1
| #define HAVE_SYS_STAT_H 1
| #define HAVE_STDLIB_H 1
| #define HAVE_STRING_H 1
| #define HAVE_MEMORY_H 1
| #define HAVE_STRINGS_H 1
| #define HAVE_INTTYPES_H 1
| #define HAVE_STDINT_H 1
| #define HAVE_UNISTD_H 1
| #define HAVE_DLFCN_H 1
| #define STDC_HEADERS 1
| #define HAVE_GL_GL_H 1
| #define HAVE_SDL_SDL_IMAGE_H 1
| /* end confdefs.h.  */
| #include <stdio.h>
| #ifdef HAVE_SYS_TYPES_H
| # include <sys/types.h>
| #endif
| #ifdef HAVE_SYS_STAT_H
| # include <sys/stat.h>
| #endif
| #ifdef STDC_HEADERS
| # include <stdlib.h>
| # include <stddef.h>
| #else
| # ifdef HAVE_STDLIB_H
| #  include <stdlib.h>
| # endif
| #endif
| #ifdef HAVE_STRING_H
| # if !defined STDC_HEADERS && defined HAVE_MEMORY_H
| #  include <memory.h>
| # endif
| # include <string.h>
| #endif
| #ifdef HAVE_STRINGS_H
| # include <strings.h>
| #endif
| #ifdef HAVE_INTTYPES_H
| # include <inttypes.h>
| #endif
| #ifdef HAVE_STDINT_H
| # include <stdint.h>
| #endif
| #ifdef HAVE_UNISTD_H
| # include <unistd.h>
| #endif
| #include <allegro.h>
configure:21293: result: no
configure:21297: checking allegro.h presence
configure:21312: g++ -E  -I/usr/include/SDL -D_GNU_SOURCE=1 -D_REENTRANT conftest.cpp
conftest.cpp:24:21: error: allegro.h: No such file or directory
configure:21318: $? = 1
configure: failed program was:
| /* confdefs.h.  */
| #define PACKAGE_NAME "guichan"
| #define PACKAGE_TARNAME "guichan"
| #define PACKAGE_VERSION "0.7.1"
| #define PACKAGE_STRING "guichan 0.7.1"
| #define PACKAGE_BUGREPORT "olof.naessen@gmail.com"
| #define PACKAGE "guichan"
| #define VERSION "0.7.1"
| #define STDC_HEADERS 1
| #define HAVE_SYS_TYPES_H 1
| #define HAVE_SYS_STAT_H 1
| #define HAVE_STDLIB_H 1
| #define HAVE_STRING_H 1
| #define HAVE_MEMORY_H 1
| #define HAVE_STRINGS_H 1
| #define HAVE_INTTYPES_H 1
| #define HAVE_STDINT_H 1
| #define HAVE_UNISTD_H 1
| #define HAVE_DLFCN_H 1
| #define STDC_HEADERS 1
| #define HAVE_GL_GL_H 1
| #define HAVE_SDL_SDL_IMAGE_H 1
| /* end confdefs.h.  */
| #include <allegro.h>
configure:21332: result: no
configure:21365: checking for allegro.h
configure:21373: result: no
configure:21388: checking for allegro-config
configure:21418: result: no
configure:20739: WARNING: Allegro support skipped when Allegro not found.
configure:21464: checking SDL/SDL.h usability
configure:21481: g++ -c -g -O2 -Wall -Wno-unused -DGUICHAN_BUILD  -I/usr/include/SDL -D_GNU_SOURCE=1 -D_REENTRANT conftest.cpp >&5
configure:21487: $? = 0
configure:21501: result: yes
configure:21505: checking SDL/SDL.h presence
configure:21520: g++ -E  -I/usr/include/SDL -D_GNU_SOURCE=1 -D_REENTRANT conftest.cpp
configure:21526: $? = 0
configure:21540: result: yes
configure:21573: checking for SDL/SDL.h
configure:21581: result: yes
configure:21596: checking for sdl-config
configure:21612: found /usr/bin/sdl-config
configure:21623: result: yes
configure:21781: creating ./config.status

## ---------------------- ##
## Running config.status. ##
## ---------------------- ##

This file was extended by guichan config.status 0.7.1, which was
generated by GNU Autoconf 2.61.  Invocation command line was

  CONFIG_FILES    = 
  CONFIG_HEADERS  = 
  CONFIG_LINKS    = 
  CONFIG_COMMANDS = 
  $ ./config.status 

on debian

config.status:701: creating Makefile
config.status:701: creating addons/Makefile
config.status:701: creating addons/adjustingcontainer/Makefile
config.status:701: creating addons/allegrotruetypefont/Makefile
config.status:701: creating addons/sdltruetypefont/Makefile
config.status:701: creating examples/Makefile
config.status:701: creating include/Makefile
config.status:701: creating include/guichan/Makefile
config.status:701: creating include/guichan/allegro/Makefile
config.status:701: creating include/guichan/hge/Makefile
config.status:701: creating include/guichan/opengl/Makefile
config.status:701: creating include/guichan/openlayer/Makefile
config.status:701: creating include/guichan/sdl/Makefile
config.status:701: creating include/guichan/widgets/Makefile
config.status:701: creating src/Makefile
config.status:701: creating src/allegro/Makefile
config.status:701: creating src/hge/Makefile
config.status:701: creating src/opengl/Makefile
config.status:701: creating src/openlayer/Makefile
config.status:701: creating src/sdl/Makefile
config.status:701: creating src/widgets/Makefile
config.status:701: creating include/config.hpp
config.status:932: include/config.hpp is unchanged
config.status:978: executing depfiles commands

## ---------------- ##
## Cache variables. ##
## ---------------- ##

ac_cv_build=i686-pc-linux-gnu
ac_cv_c_compiler_gnu=yes
ac_cv_cxx_compiler_gnu=yes
ac_cv_env_CCC_set=
ac_cv_env_CCC_value=
ac_cv_env_CC_set=
ac_cv_env_CC_value=
ac_cv_env_CFLAGS_set=
ac_cv_env_CFLAGS_value=
ac_cv_env_CPPFLAGS_set=
ac_cv_env_CPPFLAGS_value=
ac_cv_env_CPP_set=
ac_cv_env_CPP_value=
ac_cv_env_CXXCPP_set=
ac_cv_env_CXXCPP_value=
ac_cv_env_CXXFLAGS_set=
ac_cv_env_CXXFLAGS_value=
ac_cv_env_CXX_set=
ac_cv_env_CXX_value=
ac_cv_env_F77_set=
ac_cv_env_F77_value=
ac_cv_env_FFLAGS_set=
ac_cv_env_FFLAGS_value=
ac_cv_env_LDFLAGS_set=
ac_cv_env_LDFLAGS_value=
ac_cv_env_LIBS_set=
ac_cv_env_LIBS_value=
ac_cv_env_build_alias_set=
ac_cv_env_build_alias_value=
ac_cv_env_host_alias_set=
ac_cv_env_host_alias_value=
ac_cv_env_target_alias_set=
ac_cv_env_target_alias_value=
ac_cv_f77_compiler_gnu=no
ac_cv_header_GL_gl_h=yes
ac_cv_header_SDL_SDL_h=yes
ac_cv_header_SDL_SDL_image_h=yes
ac_cv_header_allegro_h=no
ac_cv_header_dlfcn_h=yes
ac_cv_header_inttypes_h=yes
ac_cv_header_memory_h=yes
ac_cv_header_stdc=yes
ac_cv_header_stdint_h=yes
ac_cv_header_stdlib_h=yes
ac_cv_header_string_h=yes
ac_cv_header_strings_h=yes
ac_cv_header_sys_stat_h=yes
ac_cv_header_sys_types_h=yes
ac_cv_header_unistd_h=yes
ac_cv_host=i686-pc-linux-gnu
ac_cv_lib_GL_glBegin=yes
ac_cv_lib_SDL_image_IMG_Load=yes
ac_cv_objext=o
ac_cv_path_EGREP='/bin/grep -E'
ac_cv_path_GREP=/bin/grep
ac_cv_path_install='/usr/bin/install -c'
ac_cv_path_mkdir=/bin/mkdir
ac_cv_prog_AWK=gawk
ac_cv_prog_CPP='gcc -E'
ac_cv_prog_CXXCPP='g++ -E'
ac_cv_prog_HAVE_SDL=yes
ac_cv_prog_ac_ct_AR=ar
ac_cv_prog_ac_ct_CC=gcc
ac_cv_prog_ac_ct_CXX=g++
ac_cv_prog_ac_ct_RANLIB=ranlib
ac_cv_prog_ac_ct_STRIP=strip
ac_cv_prog_cc_c89=
ac_cv_prog_cc_g=yes
ac_cv_prog_cxx_g=yes
ac_cv_prog_f77_g=no
ac_cv_prog_make_make_set=yes
ac_cv_target=i686-pc-linux-gnu
am_cv_CC_dependencies_compiler_type=gcc3
am_cv_CXX_dependencies_compiler_type=gcc3
lt_cv_cc_64bit_output=no
lt_cv_deplibs_check_method=pass_all
lt_cv_file_magic_cmd='$MAGIC_CMD'
lt_cv_file_magic_test_file=
lt_cv_ld_reload_flag=-r
lt_cv_objdir=.libs
lt_cv_path_LD=/usr/bin/ld
lt_cv_path_LDCXX=/usr/bin/ld
lt_cv_path_NM='/usr/bin/nm -B'
lt_cv_path_SED=/bin/sed
lt_cv_prog_compiler_c_o=yes
lt_cv_prog_compiler_c_o_CXX=yes
lt_cv_prog_compiler_rtti_exceptions=no
lt_cv_prog_gnu_ld=yes
lt_cv_prog_gnu_ldcxx=yes
lt_cv_sys_global_symbol_pipe='sed -n -e '\''s/^.*[ 	]\([ABCDGIRSTW][ABCDGIRSTW]*\)[ 	][ 	]*\(\)\([_A-Za-z][_A-Za-z0-9]*\)$/\1 \2\3 \3/p'\'''
lt_cv_sys_global_symbol_to_c_name_address='sed -n -e '\''s/^: \([^ ]*\) $/  {\"\1\", (lt_ptr) 0},/p'\'' -e '\''s/^[BCDEGRST] \([^ ]*\) \([^ ]*\)$/  {"\2", (lt_ptr) \&\2},/p'\'''
lt_cv_sys_global_symbol_to_cdecl='sed -n -e '\''s/^. .* \(.*\)$/extern int \1;/p'\'''
lt_cv_sys_max_cmd_len=32768
lt_lt_cv_prog_compiler_c_o='"yes"'
lt_lt_cv_prog_compiler_c_o_CXX='"yes"'
lt_lt_cv_sys_global_symbol_pipe='"sed -n -e '\''s/^.*[ 	]\\([ABCDGIRSTW][ABCDGIRSTW]*\\)[ 	][ 	]*\\(\\)\\([_A-Za-z][_A-Za-z0-9]*\\)\$/\\1 \\2\\3 \\3/p'\''"'
lt_lt_cv_sys_global_symbol_to_c_name_address='"sed -n -e '\''s/^: \\([^ ]*\\) \$/  {\\\"\\1\\\", (lt_ptr) 0},/p'\'' -e '\''s/^[BCDEGRST] \\([^ ]*\\) \\([^ ]*\\)\$/  {\"\\2\", (lt_ptr) \\&\\2},/p'\''"'
lt_lt_cv_sys_global_symbol_to_cdecl='"sed -n -e '\''s/^. .* \\(.*\\)\$/extern int \\1;/p'\''"'

## ----------------- ##
## Output variables. ##
## ----------------- ##

ACLOCAL='${SHELL} /home/sleek/FIFEsvn/trunk/ext/guichan-0.7.1/missing --run aclocal-1.10'
AMDEPBACKSLASH='\'
AMDEP_FALSE='#'
AMDEP_TRUE=''
AMTAR='${SHELL} /home/sleek/FIFEsvn/trunk/ext/guichan-0.7.1/missing --run tar'
AR='ar'
AS='as'
AUTOCONF='${SHELL} /home/sleek/FIFEsvn/trunk/ext/guichan-0.7.1/missing --run autoconf'
AUTOHEADER='${SHELL} /home/sleek/FIFEsvn/trunk/ext/guichan-0.7.1/missing --run autoheader'
AUTOMAKE='${SHELL} /home/sleek/FIFEsvn/trunk/ext/guichan-0.7.1/missing --run automake-1.10'
AWK='gawk'
CC='gcc'
CCDEPMODE='depmode=gcc3'
CFLAGS='-g -O2'
CPP='gcc -E'
CPPFLAGS=' -I/usr/include/SDL -D_GNU_SOURCE=1 -D_REENTRANT'
CXX='g++'
CXXCPP='g++ -E'
CXXDEPMODE='depmode=gcc3'
CXXFLAGS='-g -O2 -Wall -Wno-unused -DGUICHAN_BUILD'
CYGPATH_W='echo'
DEFS='-DHAVE_CONFIG_H'
DEPDIR='.deps'
DLLTOOL='dlltool'
ECHO='echo'
ECHO_C=''
ECHO_N='-n'
ECHO_T=''
EGREP='/bin/grep -E'
EXEEXT=''
F77=''
FFLAGS=''
GREP='/bin/grep'
GUICHAN_BINARY_AGE='0'
GUICHAN_EXTRADIRS=' opengl sdl'
GUICHAN_INTERFACE_AGE='0'
GUICHAN_MAJOR_VERSION='0'
GUICHAN_MICRO_VERSION='1'
GUICHAN_MINOR_VERSION='7'
GUICHAN_VERSION='0.7.1'
HAVE_ALLEGRO=''
HAVE_SDL='yes'
INSTALL_DATA='${INSTALL} -m 644'
INSTALL_PROGRAM='${INSTALL}'
INSTALL_SCRIPT='${INSTALL}'
INSTALL_STRIP_PROGRAM='$(install_sh) -c -s'
LDFLAGS=''
LIBOBJS=''
LIBS=''
LIBTOOL='$(SHELL) $(top_builddir)/libtool'
LN_S='ln -s'
LTLIBOBJS=''
LT_AGE='0'
LT_CURRENT='1'
LT_RELEASE='0.7'
LT_REVISION='0'
MAKEINFO='${SHELL} /home/sleek/FIFEsvn/trunk/ext/guichan-0.7.1/missing --run makeinfo'
OBJDUMP='objdump'
OBJEXT='o'
PACKAGE='guichan'
PACKAGE_BUGREPORT='olof.naessen@gmail.com'
PACKAGE_NAME='guichan'
PACKAGE_STRING='guichan 0.7.1'
PACKAGE_TARNAME='guichan'
PACKAGE_VERSION='0.7.1'
PATH_SEPARATOR=':'
RANLIB='ranlib'
SET_MAKE=''
SHELL='/bin/sh'
STRIP='strip'
VERSION='0.7.1'
ac_ct_CC='gcc'
ac_ct_CXX='g++'
ac_ct_F77=''
am__fastdepCC_FALSE='#'
am__fastdepCC_TRUE=''
am__fastdepCXX_FALSE='#'
am__fastdepCXX_TRUE=''
am__include='include'
am__isrc=''
am__leading_dot='.'
am__quote=''
am__tar='${AMTAR} chof - "$$tardir"'
am__untar='${AMTAR} xf -'
bindir='${exec_prefix}/bin'
build='i686-pc-linux-gnu'
build_alias=''
build_cpu='i686'
build_os='linux-gnu'
build_vendor='pc'
datadir='${datarootdir}'
datarootdir='${prefix}/share'
docdir='${datarootdir}/doc/${PACKAGE_TARNAME}'
dvidir='${docdir}'
exec_prefix='${prefix}'
host='i686-pc-linux-gnu'
host_alias=''
host_cpu='i686'
host_os='linux-gnu'
host_vendor='pc'
htmldir='${docdir}'
includedir='${prefix}/include'
infodir='${datarootdir}/info'
install_sh='$(SHELL) /home/sleek/FIFEsvn/trunk/ext/guichan-0.7.1/install-sh'
libdir='${exec_prefix}/lib'
libexecdir='${exec_prefix}/libexec'
localedir='${datarootdir}/locale'
localstatedir='${prefix}/var'
mandir='${datarootdir}/man'
mkdir_p='/bin/mkdir -p'
oldincludedir='/usr/include'
pdfdir='${docdir}'
prefix='/usr/local'
program_transform_name='s,x,x,'
psdir='${docdir}'
sbindir='${exec_prefix}/sbin'
sharedstatedir='${prefix}/com'
sysconfdir='${prefix}/etc'
target='i686-pc-linux-gnu'
target_alias=''
target_cpu='i686'
target_os='linux-gnu'
target_vendor='pc'

## ----------- ##
## confdefs.h. ##
## ----------- ##

#define PACKAGE_NAME "guichan"
#define PACKAGE_TARNAME "guichan"
#define PACKAGE_VERSION "0.7.1"
#define PACKAGE_STRING "guichan 0.7.1"
#define PACKAGE_BUGREPORT "olof.naessen@gmail.com"
#define PACKAGE "guichan"
#define VERSION "0.7.1"
#define STDC_HEADERS 1
#define HAVE_SYS_TYPES_H 1
#define HAVE_SYS_STAT_H 1
#define HAVE_STDLIB_H 1
#define HAVE_STRING_H 1
#define HAVE_MEMORY_H 1
#define HAVE_STRINGS_H 1
#define HAVE_INTTYPES_H 1
#define HAVE_STDINT_H 1
#define HAVE_UNISTD_H 1
#define HAVE_DLFCN_H 1
#define STDC_HEADERS 1
#define HAVE_GL_GL_H 1
#define HAVE_SDL_SDL_IMAGE_H 1
#define HAVE_SDL_SDL_H 1

configure: exit 0
